name: publish_model
run_id: commands[1]
env HOME: /home/manuel
env LANG: en_US.UTF-8
env TERM: xterm-256color
env LD_LIBRARY_PATH: /opt/xilinx/xrt/lib:
env PATH: /mnt/storage/Bowpi/Data Science/cc_approval/continuous_integration/ci_cd/packaging/classification_model/.tox/test_package/bin:/home/manuel/.nvm/versions/node/v14.4.0/bin:/home/manuel/anaconda3/envs/model-deployment/bin:/home/manuel/anaconda3/condabin:/opt/xilinx/xrt/bin:/tools/Xilinx/Vitis_HLS/2021.2/bin:/tools/Xilinx/Model_Composer/2021.2/bin:/tools/Xilinx/Vitis/2021.2/bin:/tools/Xilinx/Vitis/2021.2/gnu/microblaze/lin/bin:/tools/Xilinx/Vitis/2021.2/gnu/arm/lin/bin:/tools/Xilinx/Vitis/2021.2/gnu/microblaze/linux_toolchain/lin64_le/bin:/tools/Xilinx/Vitis/2021.2/gnu/aarch32/lin/gcc-arm-linux-gnueabi/bin:/tools/Xilinx/Vitis/2021.2/gnu/aarch32/lin/gcc-arm-none-eabi/bin:/tools/Xilinx/Vitis/2021.2/gnu/aarch64/lin/aarch64-linux/bin:/tools/Xilinx/Vitis/2021.2/gnu/aarch64/lin/aarch64-none/bin:/tools/Xilinx/Vitis/2021.2/gnu/armr5/lin/gcc-arm-none-eabi/bin:/tools/Xilinx/Vitis/2021.2/tps/lnx64/cmake-3.3.2/bin:/tools/Xilinx/Vitis/2021.2/aietools/bin:/tools/Xilinx/Vivado/2021.2/bin:/tools/Xilinx/DocNav:/home/manuel/.local/bin:/usr/local/sbin:/usr/local/bin:/usr/sbin:/usr/bin:/sbin:/bin:/usr/games:/usr/local/games:/snap/bin:/usr/lib/cuda/bin
env PYTHONHASHSEED: 1019958020
env PIP_DISABLE_PIP_VERSION_CHECK: 1
env PYTHONIOENCODING: utf-8
env GEMFURY_PUSH_URL: https://JjeWHGPmg23XkzufwPzb@push.fury.io/mriosrivas/
env PYTHONPATH: .
env TOX_ENV_NAME: publish_model
env TOX_WORK_DIR: /mnt/storage/Bowpi/Data Science/cc_approval/continuous_integration/ci_cd/packaging/classification_model/.tox
env TOX_ENV_DIR: /mnt/storage/Bowpi/Data Science/cc_approval/continuous_integration/ci_cd/packaging/classification_model/.tox/test_package
env VIRTUAL_ENV: /mnt/storage/Bowpi/Data Science/cc_approval/continuous_integration/ci_cd/packaging/classification_model/.tox/test_package
env COLUMNS: 122
env LINES: 33
metadata pid: 35160
cwd: /mnt/storage/Bowpi/Data Science/cc_approval/continuous_integration/ci_cd/packaging/classification_model
allow: *
cmd: ./publish_model.sh .
exit_code: 0
Checking directory .
Package cc-classification_model-0.0.1
running sdist
running egg_info
writing cc_classification_model.egg-info/PKG-INFO
writing dependency_links to cc_classification_model.egg-info/dependency_links.txt
writing requirements to cc_classification_model.egg-info/requires.txt
writing top-level names to cc_classification_model.egg-info/top_level.txt
reading manifest file 'cc_classification_model.egg-info/SOURCES.txt'
reading manifest template 'MANIFEST.in'
writing manifest file 'cc_classification_model.egg-info/SOURCES.txt'
running check
creating cc-classification_model-0.0.1
creating cc-classification_model-0.0.1/requirements
creating cc-classification_model-0.0.1/cc_classification_model.egg-info
creating cc-classification_model-0.0.1/classification_model
creating cc-classification_model-0.0.1/classification_model/config
creating cc-classification_model-0.0.1/classification_model/datasets
creating cc-classification_model-0.0.1/classification_model/processing
creating cc-classification_model-0.0.1/classification_model/trained_models
creating cc-classification_model-0.0.1/tests
copying files to cc-classification_model-0.0.1...
copying MANIFEST.in -> cc-classification_model-0.0.1
copying pyproject.toml -> cc-classification_model-0.0.1
copying setup.py -> cc-classification_model-0.0.1
copying ./requirements/requirements.txt -> cc-classification_model-0.0.1/./requirements
copying ./requirements/test_requirements.txt -> cc-classification_model-0.0.1/./requirements
copying cc_classification_model.egg-info/PKG-INFO -> cc-classification_model-0.0.1/cc_classification_model.egg-info
copying cc_classification_model.egg-info/SOURCES.txt -> cc-classification_model-0.0.1/cc_classification_model.egg-info
copying cc_classification_model.egg-info/dependency_links.txt -> cc-classification_model-0.0.1/cc_classification_model.egg-info
copying cc_classification_model.egg-info/requires.txt -> cc-classification_model-0.0.1/cc_classification_model.egg-info
copying cc_classification_model.egg-info/top_level.txt -> cc-classification_model-0.0.1/cc_classification_model.egg-info
copying classification_model/VERSION -> cc-classification_model-0.0.1/classification_model
copying classification_model/__init__.py -> cc-classification_model-0.0.1/classification_model
copying classification_model/config.yml -> cc-classification_model-0.0.1/classification_model
copying classification_model/pipeline.py -> cc-classification_model-0.0.1/classification_model
copying classification_model/predict.py -> cc-classification_model-0.0.1/classification_model
copying classification_model/train_pipeline.py -> cc-classification_model-0.0.1/classification_model
copying classification_model/config/__init__.py -> cc-classification_model-0.0.1/classification_model/config
copying classification_model/config/core.py -> cc-classification_model-0.0.1/classification_model/config
copying classification_model/datasets/__init__.py -> cc-classification_model-0.0.1/classification_model/datasets
copying classification_model/datasets/test.csv -> cc-classification_model-0.0.1/classification_model/datasets
copying classification_model/datasets/train.csv -> cc-classification_model-0.0.1/classification_model/datasets
copying classification_model/processing/__init__.py -> cc-classification_model-0.0.1/classification_model/processing
copying classification_model/processing/data_manager.py -> cc-classification_model-0.0.1/classification_model/processing
copying classification_model/processing/features.py -> cc-classification_model-0.0.1/classification_model/processing
copying classification_model/processing/validation.py -> cc-classification_model-0.0.1/classification_model/processing
copying classification_model/trained_models/__init__.py -> cc-classification_model-0.0.1/classification_model/trained_models
copying classification_model/trained_models/classification_model_output_v0.0.1.pkl -> cc-classification_model-0.0.1/classification_model/trained_models
copying tests/test_features.py -> cc-classification_model-0.0.1/tests
copying tests/test_prediction.py -> cc-classification_model-0.0.1/tests
Writing cc-classification_model-0.0.1/setup.cfg
Creating tar archive
removing 'cc-classification_model-0.0.1' (and everything under it)
running bdist_wheel
running build
running build_py
copying classification_model/trained_models/classification_model_output_v0.0.1.pkl -> build/lib/classification_model/trained_models
installing to build/bdist.linux-x86_64/wheel
running install
running install_lib
creating build/bdist.linux-x86_64/wheel
creating build/bdist.linux-x86_64/wheel/classification_model
creating build/bdist.linux-x86_64/wheel/classification_model/datasets
copying build/lib/classification_model/datasets/train.csv -> build/bdist.linux-x86_64/wheel/classification_model/datasets
copying build/lib/classification_model/datasets/test.csv -> build/bdist.linux-x86_64/wheel/classification_model/datasets
copying build/lib/classification_model/datasets/__init__.py -> build/bdist.linux-x86_64/wheel/classification_model/datasets
copying build/lib/classification_model/config.yml -> build/bdist.linux-x86_64/wheel/classification_model
copying build/lib/classification_model/predict.py -> build/bdist.linux-x86_64/wheel/classification_model
copying build/lib/classification_model/VERSION -> build/bdist.linux-x86_64/wheel/classification_model
creating build/bdist.linux-x86_64/wheel/classification_model/trained_models
copying build/lib/classification_model/trained_models/classification_model_output_v0.0.1.pkl -> build/bdist.linux-x86_64/wheel/classification_model/trained_models
copying build/lib/classification_model/trained_models/__init__.py -> build/bdist.linux-x86_64/wheel/classification_model/trained_models
copying build/lib/classification_model/train_pipeline.py -> build/bdist.linux-x86_64/wheel/classification_model
creating build/bdist.linux-x86_64/wheel/classification_model/processing
copying build/lib/classification_model/processing/features.py -> build/bdist.linux-x86_64/wheel/classification_model/processing
copying build/lib/classification_model/processing/validation.py -> build/bdist.linux-x86_64/wheel/classification_model/processing
copying build/lib/classification_model/processing/data_manager.py -> build/bdist.linux-x86_64/wheel/classification_model/processing
copying build/lib/classification_model/processing/__init__.py -> build/bdist.linux-x86_64/wheel/classification_model/processing
creating build/bdist.linux-x86_64/wheel/classification_model/config
copying build/lib/classification_model/config/core.py -> build/bdist.linux-x86_64/wheel/classification_model/config
copying build/lib/classification_model/config/__init__.py -> build/bdist.linux-x86_64/wheel/classification_model/config
copying build/lib/classification_model/pipeline.py -> build/bdist.linux-x86_64/wheel/classification_model
copying build/lib/classification_model/__init__.py -> build/bdist.linux-x86_64/wheel/classification_model
running install_egg_info
Copying cc_classification_model.egg-info to build/bdist.linux-x86_64/wheel/cc_classification_model-0.0.1-py3.11.egg-info
running install_scripts
creating build/bdist.linux-x86_64/wheel/cc_classification_model-0.0.1.dist-info/WHEEL
creating 'dist/cc_classification_model-0.0.1-py3-none-any.whl' and adding 'build/bdist.linux-x86_64/wheel' to it
adding 'classification_model/VERSION'
adding 'classification_model/__init__.py'
adding 'classification_model/config.yml'
adding 'classification_model/pipeline.py'
adding 'classification_model/predict.py'
adding 'classification_model/train_pipeline.py'
adding 'classification_model/config/__init__.py'
adding 'classification_model/config/core.py'
adding 'classification_model/datasets/__init__.py'
adding 'classification_model/datasets/test.csv'
adding 'classification_model/datasets/train.csv'
adding 'classification_model/processing/__init__.py'
adding 'classification_model/processing/data_manager.py'
adding 'classification_model/processing/features.py'
adding 'classification_model/processing/validation.py'
adding 'classification_model/trained_models/__init__.py'
adding 'classification_model/trained_models/classification_model_output_v0.0.1.pkl'
adding 'cc_classification_model-0.0.1.dist-info/METADATA'
adding 'cc_classification_model-0.0.1.dist-info/WHEEL'
adding 'cc_classification_model-0.0.1.dist-info/top_level.txt'
adding 'cc_classification_model-0.0.1.dist-info/RECORD'
removing build/bdist.linux-x86_64/wheel
~~> Processing package upload
    cc_classification_model-0.0.1-py3-none-any.whl ... ok
~~> Processing package upload
    cc-classification_model-0.0.1.tar.gz ... ok

standard error:
warning: no files found matching '*.txt'
warning: no files found matching '*.md'
warning: no files found matching '*.pkl'
warning: manifest_maker: MANIFEST.in, line 4: 'recursive-include' expects <dir> <pattern1> <pattern2> ...

warning: no previously-included files found matching '*.log'
warning: no previously-included files found matching '*.cfg'
warning: no previously-included files matching '__pycache__' found under directory '*'
warning: no previously-included files matching '*.py[co]' found under directory '*'
warning: sdist: standard file not found: should have one of README, README.rst, README.txt, README.md

/mnt/storage/Bowpi/Data Science/cc_approval/continuous_integration/ci_cd/packaging/classification_model/.tox/test_package/lib/python3.11/site-packages/setuptools/_distutils/cmd.py:66: SetuptoolsDeprecationWarning: setup.py install is deprecated.
!!

        ********************************************************************************
        Please avoid running ``setup.py`` directly.
        Instead, use pypa/build, pypa/installer, pypa/build or
        other standards-based tools.

        See https://blog.ganssle.io/articles/2021/10/setup-py-deprecated.html for details.
        ********************************************************************************

!!
  self.initialize_options()
